[2024-12-07 03:42:29] local.INFO: Dados recebidos para criação de lançamento: {"_token":"Iqg9cr3zDE3b9gZ40gOGzw5QTXEi2xyxVUST2HZb","projeto_id":"1","servico_id":"1","data_inicio":"2024-12-07","data_final":"2024-12-20","horas_trabalhadas":"120","link":"https://github.com/ifpr-paranavai/portal-cdt/commit/8ed7be01f2112abe6019e3456686b7d833a18827","user_id":1} 
[2024-12-07 03:43:45] local.INFO: Dados recebidos para criação de lançamento: {"_token":"Iqg9cr3zDE3b9gZ40gOGzw5QTXEi2xyxVUST2HZb","projeto_id":"1","servico_id":"1","data_inicio":"2024-12-06","data_final":"2024-12-07","horas_trabalhadas":"120","link":"https://github.com/ifpr-paranavai/portal-cdt/commit/8ed7be01f2112abe6019e3456686b7d833a18827","user_id":1} 
[2024-12-07 03:45:21] local.INFO: Dados recebidos para criação de lançamento: {"_token":"Iqg9cr3zDE3b9gZ40gOGzw5QTXEi2xyxVUST2HZb","projeto_id":"1","servico_id":"1","data_inicio":"2024-12-11","data_final":"2024-12-12","horas_trabalhadas":"120","link":"https://github.com/ifpr-paranavai/portal-cdt/commit/8ed7be01f2112abe6019e3456686b7d833a18827","user_id":1} 
[2025-10-17 11:36:57] local.ERROR: There are no commands defined in the "sitemap" namespace. {"exception":"[object] (Symfony\\Component\\Console\\Exception\\NamespaceNotFoundException(code: 0): There are no commands defined in the \"sitemap\" namespace. at C:\\Users\\larys\\OneDrive\\Documentos\\Projetos\\portal-codelab\\vendor\\symfony\\console\\Application.php:677)
[stacktrace]
#0 C:\\Users\\larys\\OneDrive\\Documentos\\Projetos\\portal-codelab\\vendor\\symfony\\console\\Application.php(726): Symfony\\Component\\Console\\Application->findNamespace('sitemap')
#1 C:\\Users\\larys\\OneDrive\\Documentos\\Projetos\\portal-codelab\\vendor\\symfony\\console\\Application.php(301): Symfony\\Component\\Console\\Application->find('sitemap:generat...')
#2 C:\\Users\\larys\\OneDrive\\Documentos\\Projetos\\portal-codelab\\vendor\\symfony\\console\\Application.php(194): Symfony\\Component\\Console\\Application->doRun(Object(Symfony\\Component\\Console\\Input\\ArgvInput), Object(Symfony\\Component\\Console\\Output\\ConsoleOutput))
#3 C:\\Users\\larys\\OneDrive\\Documentos\\Projetos\\portal-codelab\\vendor\\laravel\\framework\\src\\Illuminate\\Foundation\\Console\\Kernel.php(198): Symfony\\Component\\Console\\Application->run(Object(Symfony\\Component\\Console\\Input\\ArgvInput), Object(Symfony\\Component\\Console\\Output\\ConsoleOutput))
#4 C:\\Users\\larys\\OneDrive\\Documentos\\Projetos\\portal-codelab\\vendor\\laravel\\framework\\src\\Illuminate\\Foundation\\Application.php(1235): Illuminate\\Foundation\\Console\\Kernel->handle(Object(Symfony\\Component\\Console\\Input\\ArgvInput), Object(Symfony\\Component\\Console\\Output\\ConsoleOutput))
#5 C:\\Users\\larys\\OneDrive\\Documentos\\Projetos\\portal-codelab\\artisan(13): Illuminate\\Foundation\\Application->handleCommand(Object(Symfony\\Component\\Console\\Input\\ArgvInput))
#6 {main}
"} 
[2025-10-17 11:37:47] local.ERROR: There are no commands defined in the "sitemap" namespace. {"exception":"[object] (Symfony\\Component\\Console\\Exception\\NamespaceNotFoundException(code: 0): There are no commands defined in the \"sitemap\" namespace. at C:\\Users\\larys\\OneDrive\\Documentos\\Projetos\\portal-codelab\\vendor\\symfony\\console\\Application.php:677)
[stacktrace]
#0 C:\\Users\\larys\\OneDrive\\Documentos\\Projetos\\portal-codelab\\vendor\\symfony\\console\\Application.php(726): Symfony\\Component\\Console\\Application->findNamespace('sitemap')
#1 C:\\Users\\larys\\OneDrive\\Documentos\\Projetos\\portal-codelab\\vendor\\symfony\\console\\Application.php(301): Symfony\\Component\\Console\\Application->find('sitemap:generat...')
#2 C:\\Users\\larys\\OneDrive\\Documentos\\Projetos\\portal-codelab\\vendor\\symfony\\console\\Application.php(194): Symfony\\Component\\Console\\Application->doRun(Object(Symfony\\Component\\Console\\Input\\ArgvInput), Object(Symfony\\Component\\Console\\Output\\ConsoleOutput))
#3 C:\\Users\\larys\\OneDrive\\Documentos\\Projetos\\portal-codelab\\vendor\\laravel\\framework\\src\\Illuminate\\Foundation\\Console\\Kernel.php(198): Symfony\\Component\\Console\\Application->run(Object(Symfony\\Component\\Console\\Input\\ArgvInput), Object(Symfony\\Component\\Console\\Output\\ConsoleOutput))
#4 C:\\Users\\larys\\OneDrive\\Documentos\\Projetos\\portal-codelab\\vendor\\laravel\\framework\\src\\Illuminate\\Foundation\\Application.php(1235): Illuminate\\Foundation\\Console\\Kernel->handle(Object(Symfony\\Component\\Console\\Input\\ArgvInput), Object(Symfony\\Component\\Console\\Output\\ConsoleOutput))
#5 C:\\Users\\larys\\OneDrive\\Documentos\\Projetos\\portal-codelab\\artisan(13): Illuminate\\Foundation\\Application->handleCommand(Object(Symfony\\Component\\Console\\Input\\ArgvInput))
#6 {main}
"} 
[2025-10-17 12:30:19] local.ERROR: There are no commands defined in the "sitemap" namespace. {"exception":"[object] (Symfony\\Component\\Console\\Exception\\NamespaceNotFoundException(code: 0): There are no commands defined in the \"sitemap\" namespace. at C:\\Users\\larys\\OneDrive\\Documentos\\Projetos\\portal-codelab\\vendor\\symfony\\console\\Application.php:677)
[stacktrace]
#0 C:\\Users\\larys\\OneDrive\\Documentos\\Projetos\\portal-codelab\\vendor\\symfony\\console\\Application.php(726): Symfony\\Component\\Console\\Application->findNamespace('sitemap')
#1 C:\\Users\\larys\\OneDrive\\Documentos\\Projetos\\portal-codelab\\vendor\\symfony\\console\\Application.php(301): Symfony\\Component\\Console\\Application->find('sitemap:generat...')
#2 C:\\Users\\larys\\OneDrive\\Documentos\\Projetos\\portal-codelab\\vendor\\symfony\\console\\Application.php(194): Symfony\\Component\\Console\\Application->doRun(Object(Symfony\\Component\\Console\\Input\\ArgvInput), Object(Symfony\\Component\\Console\\Output\\ConsoleOutput))
#3 C:\\Users\\larys\\OneDrive\\Documentos\\Projetos\\portal-codelab\\vendor\\laravel\\framework\\src\\Illuminate\\Foundation\\Console\\Kernel.php(198): Symfony\\Component\\Console\\Application->run(Object(Symfony\\Component\\Console\\Input\\ArgvInput), Object(Symfony\\Component\\Console\\Output\\ConsoleOutput))
#4 C:\\Users\\larys\\OneDrive\\Documentos\\Projetos\\portal-codelab\\vendor\\laravel\\framework\\src\\Illuminate\\Foundation\\Application.php(1235): Illuminate\\Foundation\\Console\\Kernel->handle(Object(Symfony\\Component\\Console\\Input\\ArgvInput), Object(Symfony\\Component\\Console\\Output\\ConsoleOutput))
#5 C:\\Users\\larys\\OneDrive\\Documentos\\Projetos\\portal-codelab\\artisan(13): Illuminate\\Foundation\\Application->handleCommand(Object(Symfony\\Component\\Console\\Input\\ArgvInput))
#6 {main}
"} 
